<?xml version="1.0" encoding="UTF-8"?>
<testsuite xmlns:xsi="http://www.w3.org/2001/XMLSchema-instance" xsi:noNamespaceSchemaLocation="https://maven.apache.org/surefire/maven-surefire-plugin/xsd/surefire-test-report.xsd" name="com.wzj.wzjtest.WzjTestApplicationTests" time="3.139" tests="1" errors="0" skipped="0" failures="0">
  <properties>
    <property name="sun.desktop" value="windows"/>
    <property name="awt.toolkit" value="sun.awt.windows.WToolkit"/>
    <property name="file.encoding.pkg" value="sun.io"/>
    <property name="java.specification.version" value="1.8"/>
    <property name="sun.cpu.isalist" value="amd64"/>
    <property name="sun.jnu.encoding" value="GBK"/>
    <property name="java.class.path" value="D:\JavaWork\wzj-test\target\test-classes;D:\JavaWork\wzj-test\target\classes;D:\BaiduNetdiskDownload\myRepository\org\springframework\boot\spring-boot-starter-web\2.2.6.RELEASE\spring-boot-starter-web-2.2.6.RELEASE.jar;D:\BaiduNetdiskDownload\myRepository\org\springframework\boot\spring-boot-starter\2.2.6.RELEASE\spring-boot-starter-2.2.6.RELEASE.jar;D:\BaiduNetdiskDownload\myRepository\org\springframework\boot\spring-boot\2.2.6.RELEASE\spring-boot-2.2.6.RELEASE.jar;D:\BaiduNetdiskDownload\myRepository\org\springframework\boot\spring-boot-autoconfigure\2.2.6.RELEASE\spring-boot-autoconfigure-2.2.6.RELEASE.jar;D:\BaiduNetdiskDownload\myRepository\org\springframework\boot\spring-boot-starter-logging\2.2.6.RELEASE\spring-boot-starter-logging-2.2.6.RELEASE.jar;D:\BaiduNetdiskDownload\myRepository\ch\qos\logback\logback-classic\1.2.3\logback-classic-1.2.3.jar;D:\BaiduNetdiskDownload\myRepository\ch\qos\logback\logback-core\1.2.3\logback-core-1.2.3.jar;D:\BaiduNetdiskDownload\myRepository\org\apache\logging\log4j\log4j-to-slf4j\2.12.1\log4j-to-slf4j-2.12.1.jar;D:\BaiduNetdiskDownload\myRepository\org\apache\logging\log4j\log4j-api\2.12.1\log4j-api-2.12.1.jar;D:\BaiduNetdiskDownload\myRepository\org\slf4j\jul-to-slf4j\1.7.30\jul-to-slf4j-1.7.30.jar;D:\BaiduNetdiskDownload\myRepository\jakarta\annotation\jakarta.annotation-api\1.3.5\jakarta.annotation-api-1.3.5.jar;D:\BaiduNetdiskDownload\myRepository\org\yaml\snakeyaml\1.25\snakeyaml-1.25.jar;D:\BaiduNetdiskDownload\myRepository\org\springframework\boot\spring-boot-starter-json\2.2.6.RELEASE\spring-boot-starter-json-2.2.6.RELEASE.jar;D:\BaiduNetdiskDownload\myRepository\com\fasterxml\jackson\core\jackson-databind\2.10.3\jackson-databind-2.10.3.jar;D:\BaiduNetdiskDownload\myRepository\com\fasterxml\jackson\core\jackson-annotations\2.10.3\jackson-annotations-2.10.3.jar;D:\BaiduNetdiskDownload\myRepository\com\fasterxml\jackson\core\jackson-core\2.10.3\jackson-core-2.10.3.jar;D:\BaiduNetdiskDownload\myRepository\com\fasterxml\jackson\datatype\jackson-datatype-jdk8\2.10.3\jackson-datatype-jdk8-2.10.3.jar;D:\BaiduNetdiskDownload\myRepository\com\fasterxml\jackson\datatype\jackson-datatype-jsr310\2.10.3\jackson-datatype-jsr310-2.10.3.jar;D:\BaiduNetdiskDownload\myRepository\com\fasterxml\jackson\module\jackson-module-parameter-names\2.10.3\jackson-module-parameter-names-2.10.3.jar;D:\BaiduNetdiskDownload\myRepository\org\springframework\boot\spring-boot-starter-tomcat\2.2.6.RELEASE\spring-boot-starter-tomcat-2.2.6.RELEASE.jar;D:\BaiduNetdiskDownload\myRepository\org\apache\tomcat\embed\tomcat-embed-core\9.0.33\tomcat-embed-core-9.0.33.jar;D:\BaiduNetdiskDownload\myRepository\org\apache\tomcat\embed\tomcat-embed-el\9.0.33\tomcat-embed-el-9.0.33.jar;D:\BaiduNetdiskDownload\myRepository\org\apache\tomcat\embed\tomcat-embed-websocket\9.0.33\tomcat-embed-websocket-9.0.33.jar;D:\BaiduNetdiskDownload\myRepository\org\springframework\boot\spring-boot-starter-validation\2.2.6.RELEASE\spring-boot-starter-validation-2.2.6.RELEASE.jar;D:\BaiduNetdiskDownload\myRepository\jakarta\validation\jakarta.validation-api\2.0.2\jakarta.validation-api-2.0.2.jar;D:\BaiduNetdiskDownload\myRepository\org\hibernate\validator\hibernate-validator\6.0.18.Final\hibernate-validator-6.0.18.Final.jar;D:\BaiduNetdiskDownload\myRepository\org\jboss\logging\jboss-logging\3.4.1.Final\jboss-logging-3.4.1.Final.jar;D:\BaiduNetdiskDownload\myRepository\com\fasterxml\classmate\1.5.1\classmate-1.5.1.jar;D:\BaiduNetdiskDownload\myRepository\org\springframework\spring-web\5.2.5.RELEASE\spring-web-5.2.5.RELEASE.jar;D:\BaiduNetdiskDownload\myRepository\org\springframework\spring-beans\5.2.5.RELEASE\spring-beans-5.2.5.RELEASE.jar;D:\BaiduNetdiskDownload\myRepository\org\springframework\spring-webmvc\5.2.5.RELEASE\spring-webmvc-5.2.5.RELEASE.jar;D:\BaiduNetdiskDownload\myRepository\org\springframework\spring-aop\5.2.5.RELEASE\spring-aop-5.2.5.RELEASE.jar;D:\BaiduNetdiskDownload\myRepository\org\springframework\spring-context\5.2.5.RELEASE\spring-context-5.2.5.RELEASE.jar;D:\BaiduNetdiskDownload\myRepository\org\springframework\spring-expression\5.2.5.RELEASE\spring-expression-5.2.5.RELEASE.jar;D:\BaiduNetdiskDownload\myRepository\org\mybatis\spring\boot\mybatis-spring-boot-starter\2.1.2\mybatis-spring-boot-starter-2.1.2.jar;D:\BaiduNetdiskDownload\myRepository\org\springframework\boot\spring-boot-starter-jdbc\2.2.6.RELEASE\spring-boot-starter-jdbc-2.2.6.RELEASE.jar;D:\BaiduNetdiskDownload\myRepository\com\zaxxer\HikariCP\3.4.2\HikariCP-3.4.2.jar;D:\BaiduNetdiskDownload\myRepository\org\springframework\spring-jdbc\5.2.5.RELEASE\spring-jdbc-5.2.5.RELEASE.jar;D:\BaiduNetdiskDownload\myRepository\org\springframework\spring-tx\5.2.5.RELEASE\spring-tx-5.2.5.RELEASE.jar;D:\BaiduNetdiskDownload\myRepository\org\mybatis\spring\boot\mybatis-spring-boot-autoconfigure\2.1.2\mybatis-spring-boot-autoconfigure-2.1.2.jar;D:\BaiduNetdiskDownload\myRepository\org\mybatis\mybatis\3.5.4\mybatis-3.5.4.jar;D:\BaiduNetdiskDownload\myRepository\org\mybatis\mybatis-spring\2.0.4\mybatis-spring-2.0.4.jar;D:\BaiduNetdiskDownload\myRepository\org\projectlombok\lombok\1.18.12\lombok-1.18.12.jar;D:\BaiduNetdiskDownload\myRepository\org\postgresql\postgresql\42.2.11\postgresql-42.2.11.jar;D:\BaiduNetdiskDownload\myRepository\org\springframework\boot\spring-boot-starter-test\2.2.6.RELEASE\spring-boot-starter-test-2.2.6.RELEASE.jar;D:\BaiduNetdiskDownload\myRepository\org\springframework\boot\spring-boot-test\2.2.6.RELEASE\spring-boot-test-2.2.6.RELEASE.jar;D:\BaiduNetdiskDownload\myRepository\org\springframework\boot\spring-boot-test-autoconfigure\2.2.6.RELEASE\spring-boot-test-autoconfigure-2.2.6.RELEASE.jar;D:\BaiduNetdiskDownload\myRepository\com\jayway\jsonpath\json-path\2.4.0\json-path-2.4.0.jar;D:\BaiduNetdiskDownload\myRepository\net\minidev\json-smart\2.3\json-smart-2.3.jar;D:\BaiduNetdiskDownload\myRepository\net\minidev\accessors-smart\1.2\accessors-smart-1.2.jar;D:\BaiduNetdiskDownload\myRepository\org\ow2\asm\asm\5.0.4\asm-5.0.4.jar;D:\BaiduNetdiskDownload\myRepository\org\slf4j\slf4j-api\1.7.30\slf4j-api-1.7.30.jar;D:\BaiduNetdiskDownload\myRepository\jakarta\xml\bind\jakarta.xml.bind-api\2.3.3\jakarta.xml.bind-api-2.3.3.jar;D:\BaiduNetdiskDownload\myRepository\jakarta\activation\jakarta.activation-api\1.2.2\jakarta.activation-api-1.2.2.jar;D:\BaiduNetdiskDownload\myRepository\org\junit\jupiter\junit-jupiter\5.5.2\junit-jupiter-5.5.2.jar;D:\BaiduNetdiskDownload\myRepository\org\junit\jupiter\junit-jupiter-api\5.5.2\junit-jupiter-api-5.5.2.jar;D:\BaiduNetdiskDownload\myRepository\org\apiguardian\apiguardian-api\1.1.0\apiguardian-api-1.1.0.jar;D:\BaiduNetdiskDownload\myRepository\org\opentest4j\opentest4j\1.2.0\opentest4j-1.2.0.jar;D:\BaiduNetdiskDownload\myRepository\org\junit\platform\junit-platform-commons\1.5.2\junit-platform-commons-1.5.2.jar;D:\BaiduNetdiskDownload\myRepository\org\junit\jupiter\junit-jupiter-params\5.5.2\junit-jupiter-params-5.5.2.jar;D:\BaiduNetdiskDownload\myRepository\org\junit\jupiter\junit-jupiter-engine\5.5.2\junit-jupiter-engine-5.5.2.jar;D:\BaiduNetdiskDownload\myRepository\org\junit\platform\junit-platform-engine\1.5.2\junit-platform-engine-1.5.2.jar;D:\BaiduNetdiskDownload\myRepository\org\mockito\mockito-junit-jupiter\3.1.0\mockito-junit-jupiter-3.1.0.jar;D:\BaiduNetdiskDownload\myRepository\org\assertj\assertj-core\3.13.2\assertj-core-3.13.2.jar;D:\BaiduNetdiskDownload\myRepository\org\hamcrest\hamcrest\2.1\hamcrest-2.1.jar;D:\BaiduNetdiskDownload\myRepository\org\mockito\mockito-core\3.1.0\mockito-core-3.1.0.jar;D:\BaiduNetdiskDownload\myRepository\net\bytebuddy\byte-buddy\1.10.8\byte-buddy-1.10.8.jar;D:\BaiduNetdiskDownload\myRepository\net\bytebuddy\byte-buddy-agent\1.10.8\byte-buddy-agent-1.10.8.jar;D:\BaiduNetdiskDownload\myRepository\org\objenesis\objenesis\2.6\objenesis-2.6.jar;D:\BaiduNetdiskDownload\myRepository\org\skyscreamer\jsonassert\1.5.0\jsonassert-1.5.0.jar;D:\BaiduNetdiskDownload\myRepository\com\vaadin\external\google\android-json\0.0.20131108.vaadin1\android-json-0.0.20131108.vaadin1.jar;D:\BaiduNetdiskDownload\myRepository\org\springframework\spring-core\5.2.5.RELEASE\spring-core-5.2.5.RELEASE.jar;D:\BaiduNetdiskDownload\myRepository\org\springframework\spring-jcl\5.2.5.RELEASE\spring-jcl-5.2.5.RELEASE.jar;D:\BaiduNetdiskDownload\myRepository\org\springframework\spring-test\5.2.5.RELEASE\spring-test-5.2.5.RELEASE.jar;D:\BaiduNetdiskDownload\myRepository\org\xmlunit\xmlunit-core\2.6.4\xmlunit-core-2.6.4.jar;"/>
    <property name="java.vm.vendor" value="Oracle Corporation"/>
    <property name="sun.arch.data.model" value="64"/>
    <property name="user.variant" value=""/>
    <property name="java.vendor.url" value="http://java.oracle.com/"/>
    <property name="user.timezone" value="GMT+08:00"/>
    <property name="java.vm.specification.version" value="1.8"/>
    <property name="os.name" value="Windows 10"/>
    <property name="user.country" value="CN"/>
    <property name="sun.java.launcher" value="SUN_STANDARD"/>
    <property name="sun.boot.library.path" value="C:\Program Files\Java\jdk1.8.0_191\jre\bin"/>
    <property name="sun.java.command" value="C:\Users\kingboya\AppData\Local\Temp\surefire3638186133640984574\surefirebooter8545411759146833529.jar C:\Users\kingboya\AppData\Local\Temp\surefire3638186133640984574 2020-04-22T13-57-57_584-jvmRun1 surefire3498360649163006100tmp surefire_06210227711170699499tmp"/>
    <property name="surefire.test.class.path" value="D:\JavaWork\wzj-test\target\test-classes;D:\JavaWork\wzj-test\target\classes;D:\BaiduNetdiskDownload\myRepository\org\springframework\boot\spring-boot-starter-web\2.2.6.RELEASE\spring-boot-starter-web-2.2.6.RELEASE.jar;D:\BaiduNetdiskDownload\myRepository\org\springframework\boot\spring-boot-starter\2.2.6.RELEASE\spring-boot-starter-2.2.6.RELEASE.jar;D:\BaiduNetdiskDownload\myRepository\org\springframework\boot\spring-boot\2.2.6.RELEASE\spring-boot-2.2.6.RELEASE.jar;D:\BaiduNetdiskDownload\myRepository\org\springframework\boot\spring-boot-autoconfigure\2.2.6.RELEASE\spring-boot-autoconfigure-2.2.6.RELEASE.jar;D:\BaiduNetdiskDownload\myRepository\org\springframework\boot\spring-boot-starter-logging\2.2.6.RELEASE\spring-boot-starter-logging-2.2.6.RELEASE.jar;D:\BaiduNetdiskDownload\myRepository\ch\qos\logback\logback-classic\1.2.3\logback-classic-1.2.3.jar;D:\BaiduNetdiskDownload\myRepository\ch\qos\logback\logback-core\1.2.3\logback-core-1.2.3.jar;D:\BaiduNetdiskDownload\myRepository\org\apache\logging\log4j\log4j-to-slf4j\2.12.1\log4j-to-slf4j-2.12.1.jar;D:\BaiduNetdiskDownload\myRepository\org\apache\logging\log4j\log4j-api\2.12.1\log4j-api-2.12.1.jar;D:\BaiduNetdiskDownload\myRepository\org\slf4j\jul-to-slf4j\1.7.30\jul-to-slf4j-1.7.30.jar;D:\BaiduNetdiskDownload\myRepository\jakarta\annotation\jakarta.annotation-api\1.3.5\jakarta.annotation-api-1.3.5.jar;D:\BaiduNetdiskDownload\myRepository\org\yaml\snakeyaml\1.25\snakeyaml-1.25.jar;D:\BaiduNetdiskDownload\myRepository\org\springframework\boot\spring-boot-starter-json\2.2.6.RELEASE\spring-boot-starter-json-2.2.6.RELEASE.jar;D:\BaiduNetdiskDownload\myRepository\com\fasterxml\jackson\core\jackson-databind\2.10.3\jackson-databind-2.10.3.jar;D:\BaiduNetdiskDownload\myRepository\com\fasterxml\jackson\core\jackson-annotations\2.10.3\jackson-annotations-2.10.3.jar;D:\BaiduNetdiskDownload\myRepository\com\fasterxml\jackson\core\jackson-core\2.10.3\jackson-core-2.10.3.jar;D:\BaiduNetdiskDownload\myRepository\com\fasterxml\jackson\datatype\jackson-datatype-jdk8\2.10.3\jackson-datatype-jdk8-2.10.3.jar;D:\BaiduNetdiskDownload\myRepository\com\fasterxml\jackson\datatype\jackson-datatype-jsr310\2.10.3\jackson-datatype-jsr310-2.10.3.jar;D:\BaiduNetdiskDownload\myRepository\com\fasterxml\jackson\module\jackson-module-parameter-names\2.10.3\jackson-module-parameter-names-2.10.3.jar;D:\BaiduNetdiskDownload\myRepository\org\springframework\boot\spring-boot-starter-tomcat\2.2.6.RELEASE\spring-boot-starter-tomcat-2.2.6.RELEASE.jar;D:\BaiduNetdiskDownload\myRepository\org\apache\tomcat\embed\tomcat-embed-core\9.0.33\tomcat-embed-core-9.0.33.jar;D:\BaiduNetdiskDownload\myRepository\org\apache\tomcat\embed\tomcat-embed-el\9.0.33\tomcat-embed-el-9.0.33.jar;D:\BaiduNetdiskDownload\myRepository\org\apache\tomcat\embed\tomcat-embed-websocket\9.0.33\tomcat-embed-websocket-9.0.33.jar;D:\BaiduNetdiskDownload\myRepository\org\springframework\boot\spring-boot-starter-validation\2.2.6.RELEASE\spring-boot-starter-validation-2.2.6.RELEASE.jar;D:\BaiduNetdiskDownload\myRepository\jakarta\validation\jakarta.validation-api\2.0.2\jakarta.validation-api-2.0.2.jar;D:\BaiduNetdiskDownload\myRepository\org\hibernate\validator\hibernate-validator\6.0.18.Final\hibernate-validator-6.0.18.Final.jar;D:\BaiduNetdiskDownload\myRepository\org\jboss\logging\jboss-logging\3.4.1.Final\jboss-logging-3.4.1.Final.jar;D:\BaiduNetdiskDownload\myRepository\com\fasterxml\classmate\1.5.1\classmate-1.5.1.jar;D:\BaiduNetdiskDownload\myRepository\org\springframework\spring-web\5.2.5.RELEASE\spring-web-5.2.5.RELEASE.jar;D:\BaiduNetdiskDownload\myRepository\org\springframework\spring-beans\5.2.5.RELEASE\spring-beans-5.2.5.RELEASE.jar;D:\BaiduNetdiskDownload\myRepository\org\springframework\spring-webmvc\5.2.5.RELEASE\spring-webmvc-5.2.5.RELEASE.jar;D:\BaiduNetdiskDownload\myRepository\org\springframework\spring-aop\5.2.5.RELEASE\spring-aop-5.2.5.RELEASE.jar;D:\BaiduNetdiskDownload\myRepository\org\springframework\spring-context\5.2.5.RELEASE\spring-context-5.2.5.RELEASE.jar;D:\BaiduNetdiskDownload\myRepository\org\springframework\spring-expression\5.2.5.RELEASE\spring-expression-5.2.5.RELEASE.jar;D:\BaiduNetdiskDownload\myRepository\org\mybatis\spring\boot\mybatis-spring-boot-starter\2.1.2\mybatis-spring-boot-starter-2.1.2.jar;D:\BaiduNetdiskDownload\myRepository\org\springframework\boot\spring-boot-starter-jdbc\2.2.6.RELEASE\spring-boot-starter-jdbc-2.2.6.RELEASE.jar;D:\BaiduNetdiskDownload\myRepository\com\zaxxer\HikariCP\3.4.2\HikariCP-3.4.2.jar;D:\BaiduNetdiskDownload\myRepository\org\springframework\spring-jdbc\5.2.5.RELEASE\spring-jdbc-5.2.5.RELEASE.jar;D:\BaiduNetdiskDownload\myRepository\org\springframework\spring-tx\5.2.5.RELEASE\spring-tx-5.2.5.RELEASE.jar;D:\BaiduNetdiskDownload\myRepository\org\mybatis\spring\boot\mybatis-spring-boot-autoconfigure\2.1.2\mybatis-spring-boot-autoconfigure-2.1.2.jar;D:\BaiduNetdiskDownload\myRepository\org\mybatis\mybatis\3.5.4\mybatis-3.5.4.jar;D:\BaiduNetdiskDownload\myRepository\org\mybatis\mybatis-spring\2.0.4\mybatis-spring-2.0.4.jar;D:\BaiduNetdiskDownload\myRepository\org\projectlombok\lombok\1.18.12\lombok-1.18.12.jar;D:\BaiduNetdiskDownload\myRepository\org\postgresql\postgresql\42.2.11\postgresql-42.2.11.jar;D:\BaiduNetdiskDownload\myRepository\org\springframework\boot\spring-boot-starter-test\2.2.6.RELEASE\spring-boot-starter-test-2.2.6.RELEASE.jar;D:\BaiduNetdiskDownload\myRepository\org\springframework\boot\spring-boot-test\2.2.6.RELEASE\spring-boot-test-2.2.6.RELEASE.jar;D:\BaiduNetdiskDownload\myRepository\org\springframework\boot\spring-boot-test-autoconfigure\2.2.6.RELEASE\spring-boot-test-autoconfigure-2.2.6.RELEASE.jar;D:\BaiduNetdiskDownload\myRepository\com\jayway\jsonpath\json-path\2.4.0\json-path-2.4.0.jar;D:\BaiduNetdiskDownload\myRepository\net\minidev\json-smart\2.3\json-smart-2.3.jar;D:\BaiduNetdiskDownload\myRepository\net\minidev\accessors-smart\1.2\accessors-smart-1.2.jar;D:\BaiduNetdiskDownload\myRepository\org\ow2\asm\asm\5.0.4\asm-5.0.4.jar;D:\BaiduNetdiskDownload\myRepository\org\slf4j\slf4j-api\1.7.30\slf4j-api-1.7.30.jar;D:\BaiduNetdiskDownload\myRepository\jakarta\xml\bind\jakarta.xml.bind-api\2.3.3\jakarta.xml.bind-api-2.3.3.jar;D:\BaiduNetdiskDownload\myRepository\jakarta\activation\jakarta.activation-api\1.2.2\jakarta.activation-api-1.2.2.jar;D:\BaiduNetdiskDownload\myRepository\org\junit\jupiter\junit-jupiter\5.5.2\junit-jupiter-5.5.2.jar;D:\BaiduNetdiskDownload\myRepository\org\junit\jupiter\junit-jupiter-api\5.5.2\junit-jupiter-api-5.5.2.jar;D:\BaiduNetdiskDownload\myRepository\org\apiguardian\apiguardian-api\1.1.0\apiguardian-api-1.1.0.jar;D:\BaiduNetdiskDownload\myRepository\org\opentest4j\opentest4j\1.2.0\opentest4j-1.2.0.jar;D:\BaiduNetdiskDownload\myRepository\org\junit\platform\junit-platform-commons\1.5.2\junit-platform-commons-1.5.2.jar;D:\BaiduNetdiskDownload\myRepository\org\junit\jupiter\junit-jupiter-params\5.5.2\junit-jupiter-params-5.5.2.jar;D:\BaiduNetdiskDownload\myRepository\org\junit\jupiter\junit-jupiter-engine\5.5.2\junit-jupiter-engine-5.5.2.jar;D:\BaiduNetdiskDownload\myRepository\org\junit\platform\junit-platform-engine\1.5.2\junit-platform-engine-1.5.2.jar;D:\BaiduNetdiskDownload\myRepository\org\mockito\mockito-junit-jupiter\3.1.0\mockito-junit-jupiter-3.1.0.jar;D:\BaiduNetdiskDownload\myRepository\org\assertj\assertj-core\3.13.2\assertj-core-3.13.2.jar;D:\BaiduNetdiskDownload\myRepository\org\hamcrest\hamcrest\2.1\hamcrest-2.1.jar;D:\BaiduNetdiskDownload\myRepository\org\mockito\mockito-core\3.1.0\mockito-core-3.1.0.jar;D:\BaiduNetdiskDownload\myRepository\net\bytebuddy\byte-buddy\1.10.8\byte-buddy-1.10.8.jar;D:\BaiduNetdiskDownload\myRepository\net\bytebuddy\byte-buddy-agent\1.10.8\byte-buddy-agent-1.10.8.jar;D:\BaiduNetdiskDownload\myRepository\org\objenesis\objenesis\2.6\objenesis-2.6.jar;D:\BaiduNetdiskDownload\myRepository\org\skyscreamer\jsonassert\1.5.0\jsonassert-1.5.0.jar;D:\BaiduNetdiskDownload\myRepository\com\vaadin\external\google\android-json\0.0.20131108.vaadin1\android-json-0.0.20131108.vaadin1.jar;D:\BaiduNetdiskDownload\myRepository\org\springframework\spring-core\5.2.5.RELEASE\spring-core-5.2.5.RELEASE.jar;D:\BaiduNetdiskDownload\myRepository\org\springframework\spring-jcl\5.2.5.RELEASE\spring-jcl-5.2.5.RELEASE.jar;D:\BaiduNetdiskDownload\myRepository\org\springframework\spring-test\5.2.5.RELEASE\spring-test-5.2.5.RELEASE.jar;D:\BaiduNetdiskDownload\myRepository\org\xmlunit\xmlunit-core\2.6.4\xmlunit-core-2.6.4.jar;"/>
    <property name="sun.cpu.endian" value="little"/>
    <property name="user.home" value="C:\Users\kingboya"/>
    <property name="user.language" value="zh"/>
    <property name="java.specification.vendor" value="Oracle Corporation"/>
    <property name="java.home" value="C:\Program Files\Java\jdk1.8.0_191\jre"/>
    <property name="basedir" value="D:\JavaWork\wzj-test"/>
    <property name="file.separator" value="\"/>
    <property name="line.separator" value="&#10;"/>
    <property name="java.vm.specification.vendor" value="Oracle Corporation"/>
    <property name="java.specification.name" value="Java Platform API Specification"/>
    <property name="java.awt.graphicsenv" value="sun.awt.Win32GraphicsEnvironment"/>
    <property name="surefire.real.class.path" value="C:\Users\kingboya\AppData\Local\Temp\surefire3638186133640984574\surefirebooter8545411759146833529.jar"/>
    <property name="sun.boot.class.path" value="C:\Program Files\Java\jdk1.8.0_191\jre\lib\resources.jar;C:\Program Files\Java\jdk1.8.0_191\jre\lib\rt.jar;C:\Program Files\Java\jdk1.8.0_191\jre\lib\sunrsasign.jar;C:\Program Files\Java\jdk1.8.0_191\jre\lib\jsse.jar;C:\Program Files\Java\jdk1.8.0_191\jre\lib\jce.jar;C:\Program Files\Java\jdk1.8.0_191\jre\lib\charsets.jar;C:\Program Files\Java\jdk1.8.0_191\jre\lib\jfr.jar;C:\Program Files\Java\jdk1.8.0_191\jre\classes"/>
    <property name="user.script" value=""/>
    <property name="sun.management.compiler" value="HotSpot 64-Bit Tiered Compilers"/>
    <property name="java.runtime.version" value="1.8.0_191-b12"/>
    <property name="user.name" value="kingboya"/>
    <property name="path.separator" value=";"/>
    <property name="os.version" value="10.0"/>
    <property name="java.endorsed.dirs" value="C:\Program Files\Java\jdk1.8.0_191\jre\lib\endorsed"/>
    <property name="java.runtime.name" value="Java(TM) SE Runtime Environment"/>
    <property name="file.encoding" value="GBK"/>
    <property name="java.vm.name" value="Java HotSpot(TM) 64-Bit Server VM"/>
    <property name="localRepository" value="D:\BaiduNetdiskDownload\myRepository"/>
    <property name="java.vendor.url.bug" value="http://bugreport.sun.com/bugreport/"/>
    <property name="java.io.tmpdir" value="C:\Users\kingboya\AppData\Local\Temp\"/>
    <property name="java.version" value="1.8.0_191"/>
    <property name="user.dir" value="D:\JavaWork\wzj-test"/>
    <property name="os.arch" value="amd64"/>
    <property name="java.vm.specification.name" value="Java Virtual Machine Specification"/>
    <property name="java.awt.printerjob" value="sun.awt.windows.WPrinterJob"/>
    <property name="sun.os.patch.level" value=""/>
    <property name="idea.version2019.3.4" value="true"/>
    <property name="java.library.path" value="C:\Program Files\Java\jdk1.8.0_191\jre\bin;C:\WINDOWS\Sun\Java\bin;C:\WINDOWS\system32;C:\WINDOWS;C:\SuperMap\SuperMap iClient\SuperMap iClient3D for Plugin;C:\Program Files (x86)\Common Files\Oracle\Java\javapath;D:\app\kingboya\product\11.2.0\dbhome_1\bin;C:\Program Files (x86)\Intel\Intel(R) Management Engine Components\iCLS\;C:\Program Files\Intel\Intel(R) Management Engine Components\iCLS\;C:\WINDOWS\system32;C:\WINDOWS;C:\WINDOWS\System32\Wbem;C:\WINDOWS\System32\WindowsPowerShell\v1.0\;C:\Program Files (x86)\Intel\Intel(R) Management Engine Components\DAL;C:\Program Files\Intel\Intel(R) Management Engine Components\DAL;C:\Program Files (x86)\Intel\Intel(R) Management Engine Components\IPT;C:\Program Files\Intel\Intel(R) Management Engine Components\IPT;c:\Program Files (x86)\HP\HP Performance Advisor;D:\app\kingboya\product\instantclient_11_2;C:\Program Files (x86)\Appium\node_modules\.bin;D:\app\kingboya\product\Android\Sdk\platform-tools;D:\app\kingboya\product\Android\Sdk\tools;D:\BaiduNetdiskDownload\apache-maven-3.6.0\bin;D:\BaiduNetdiskDownload\nodejs\;C:\WINDOWS\System32\OpenSSH\;D:\BaiduNetdiskDownload\nodejs\node_global\;C:\Program Files\PuTTY\;C:\Program Files\Java\jdk1.8.0_191\bin;C:\Program Files\Java\jdk1.8.0_191\jre\bin;D:\Git\cmd;C:\Program Files\Intel\WiFi\bin\;C:\Program Files\Common Files\Intel\WirelessCommon\;C:\Program Files\Apache Software Foundation\Tomcat 9.0\bin;C:\Users\kingboya\AppData\Local\Microsoft\WindowsApps;D:\BaiduNetdiskDownload\docker\Docker Toolbox;C:\Users\kingboya\AppData\Roaming\npm;D:\BaiduNetdiskDownload\Microsoft VS Code\bin;;."/>
    <property name="java.vm.info" value="mixed mode"/>
    <property name="java.vendor" value="Oracle Corporation"/>
    <property name="java.vm.version" value="25.191-b12"/>
    <property name="java.ext.dirs" value="C:\Program Files\Java\jdk1.8.0_191\jre\lib\ext;C:\WINDOWS\Sun\Java\lib\ext"/>
    <property name="sun.io.unicode.encoding" value="UnicodeLittle"/>
    <property name="java.class.version" value="52.0"/>
  </properties>
  <testcase name="contextLoads" classname="com.wzj.wzjtest.WzjTestApplicationTests" time="0.716"/>
</testsuite>